<?xml version="1.0" encoding="UTF-8"?>
<!-- Generated by org.testng.reporters.JUnitReportReporter -->
<testsuite hostname="DESKTOP-RNENIC8" failures="0" tests="7" name="abdullah_web.Test_web_site" time="2.597" errors="0" timestamp="2025-01-06T19:59:17 AST" skipped="6">
  <testcase classname="abdullah_web.Test_web_site" name="Switch_To_Alert_Example" time="2.597"/>
  <system-out/>
  <testcase classname="abdullah_web.Test_web_site" name="second">
    <skipped/>
  </testcase> <!-- second -->
  <system-out/>
  <testcase classname="abdullah_web.Test_web_site" name="forth">
    <skipped/>
  </testcase> <!-- forth -->
  <system-out/>
  <testcase classname="abdullah_web.Test_web_site" name="first">
    <skipped/>
  </testcase> <!-- first -->
  <system-out/>
  <testcase classname="abdullah_web.Test_web_site" name="sexth">
    <skipped/>
  </testcase> <!-- sexth -->
  <system-out/>
  <testcase classname="abdullah_web.Test_web_site" name="fifth">
    <skipped/>
  </testcase> <!-- fifth -->
  <system-out/>
  <testcase classname="abdullah_web.Test_web_site" name="therd">
    <skipped/>
  </testcase> <!-- therd -->
  <system-out/>
</testsuite> <!-- abdullah_web.Test_web_site -->
